Base path: E:/Unity/Editor/Data
Pipe name: \\.\pipe\UnityShaderCompiler-2-1616
Cmd: getPlatforms
Cmd: compileSnippet
  api=1 type=0 insize=4808 outsize=190 kw=DIRECTIONAL SHADOWS_OFF LIGHTMAP_ON DIRLIGHTMAP_OFF ok=1
Cmd: compileSnippet
  api=0 type=0 insize=4808 outsize=1566 kw=DIRECTIONAL SHADOWS_OFF LIGHTMAP_OFF DIRLIGHTMAP_OFF VERTEXLIGHT_ON ok=1
Cmd: compileSnippet
  api=0 type=1 insize=4808 outsize=535 kw=DIRECTIONAL SHADOWS_SCREEN LIGHTMAP_OFF DIRLIGHTMAP_OFF ok=1
Cmd: compileSnippet
  api=0 type=0 insize=2847 outsize=817 kw=POINT ok=1
Cmd: compileSnippet
  api=1 type=0 insize=2847 outsize=359 kw=DIRECTIONAL_COOKIE ok=1
Cmd: compileSnippet
  api=0 type=1 insize=2847 outsize=864 kw=SPOT ok=1
Cmd: compileSnippet
  api=8 type=1 insize=2847 outsize=3332 kw=SPOT ok=1
Cmd: compileSnippet
  api=4 type=1 insize=5451 outsize=876 kw= ok=1
Cmd: compileSnippet
  api=8 type=1 insize=5459 outsize=2235 kw= ok=1
Cmd: compileSnippet
  api=4 type=1 insize=5463 outsize=1518 kw= ok=1
Cmd: compileSnippet
  api=8 type=0 insize=5468 outsize=2625 kw= ok=1
Cmd: compileSnippet
  api=0 type=1 insize=5470 outsize=726 kw= ok=1
Unhandled exception: Readfile from pipe failed. GLE=The pipe has been ended.


Quitting shader compiler process
