Base path: E:/Unity/Editor/Data
Pipe name: \\.\pipe\UnityShaderCompiler-3-4628
Cmd: getPlatforms
Cmd: compileSnippet
  api=4 type=0 insize=4871 outsize=1493 kw=DIRECTIONAL SHADOWS_OFF LIGHTMAP_ON DIRLIGHTMAP_OFF ok=1
Cmd: compileSnippet
  api=1 type=0 insize=4871 outsize=1281 kw=DIRECTIONAL SHADOWS_SCREEN LIGHTMAP_OFF DIRLIGHTMAP_OFF VERTEXLIGHT_ON ok=1
Cmd: compileSnippet
  api=0 type=1 insize=4871 outsize=535 kw=DIRECTIONAL SHADOWS_SCREEN LIGHTMAP_OFF DIRLIGHTMAP_OFF ok=1
Cmd: compileSnippet
  api=4 type=1 insize=4871 outsize=1770 kw=DIRECTIONAL SHADOWS_SCREEN LIGHTMAP_OFF DIRLIGHTMAP_OFF ok=1
Cmd: compileSnippet
  api=0 type=0 insize=2847 outsize=817 kw=POINT ok=1
Cmd: compileSnippet
  api=1 type=0 insize=2847 outsize=383 kw=POINT_COOKIE ok=1
Cmd: compileSnippet
  api=1 type=1 insize=2847 outsize=681 kw=SPOT ok=1
Cmd: compileSnippet
  api=1 type=1 insize=2847 outsize=586 kw=POINT_COOKIE ok=1
Cmd: compileSnippet
  api=4 type=1 insize=2847 outsize=1599 kw=DIRECTIONAL_COOKIE ok=1
Cmd: compileSnippet
  api=0 type=1 insize=867 outsize=84 kw= ok=1
Cmd: compileSnippet
  api=4 type=0 insize=1135 outsize=1461 kw= ok=1
Cmd: compileSnippet
  api=8 type=1 insize=1135 outsize=1520 kw= ok=1
Unhandled exception: Readfile from pipe failed. GLE=The pipe has been ended.


Quitting shader compiler process
