Base path: E:/Unity/Editor/Data
Pipe name: \\.\pipe\UnityShaderCompiler-8-1028
Cmd: getPlatforms
Cmd: compileSnippet
  api=4 type=0 insize=4808 outsize=2997 kw=DIRECTIONAL SHADOWS_SCREEN LIGHTMAP_OFF DIRLIGHTMAP_OFF ok=1
Cmd: compileSnippet
  api=1 type=0 insize=4808 outsize=319 kw=DIRECTIONAL SHADOWS_SCREEN LIGHTMAP_ON DIRLIGHTMAP_OFF ok=1
Cmd: compileSnippet
  api=1 type=0 insize=4808 outsize=1281 kw=DIRECTIONAL SHADOWS_SCREEN LIGHTMAP_OFF DIRLIGHTMAP_OFF VERTEXLIGHT_ON ok=1
Cmd: compileSnippet
  api=0 type=1 insize=4808 outsize=314 kw=DIRECTIONAL SHADOWS_OFF LIGHTMAP_ON DIRLIGHTMAP_OFF ok=1
Cmd: compileSnippet
  api=8 type=1 insize=4808 outsize=2690 kw=DIRECTIONAL SHADOWS_SCREEN LIGHTMAP_OFF DIRLIGHTMAP_OFF ok=1
Cmd: compileSnippet
  api=4 type=0 insize=2847 outsize=1851 kw=DIRECTIONAL ok=1
Cmd: compileSnippet
  api=4 type=0 insize=2847 outsize=2875 kw=POINT_COOKIE ok=1
Cmd: compileSnippet
  api=0 type=1 insize=2847 outsize=666 kw=POINT ok=1
Cmd: compileSnippet
  api=8 type=1 insize=2847 outsize=2917 kw=POINT_COOKIE ok=1
Cmd: compileSnippet
  api=8 type=0 insize=867 outsize=2381 kw= ok=1
Cmd: compileSnippet
  api=8 type=0 insize=1135 outsize=2088 kw= ok=1
Cmd: compileSnippet
  api=8 type=1 insize=1135 outsize=1520 kw= ok=1
Cmd: compileSnippet
  api=4 type=0 insize=5459 outsize=1583 kw= ok=1
Unhandled exception: Readfile from pipe failed. GLE=The pipe has been ended.


Quitting shader compiler process
